{"/Users/silvestrevivo/Sync/werk/2017/12_testing/testing-notetoself/setupTests.js": {"path":"/Users/silvestrevivo/Sync/werk/2017/12_testing/testing-notetoself/setupTests.js","statementMap":{"0":{"start":{"line":5,"column":0},"end":{"line":7,"column":1}},"1":{"start":{"line":6,"column":2},"end":{"line":6,"column":19}},"2":{"start":{"line":9,"column":0},"end":{"line":9,"column":37}}},"fnMap":{"0":{"name":"(anonymous_0)","decl":{"start":{"line":5,"column":31},"end":{"line":5,"column":32}},"loc":{"start":{"line":5,"column":39},"end":{"line":7,"column":1}},"line":5}},"branchMap":{},"s":{"0":2,"1":0,"2":2},"f":{"0":0},"b":{},"_coverageSchema":"332fd63041d2c1bcb487cc26dd0d5f7d97098a6c","hash":"b1e44e3ae5e148dc22e87205b43cd68519a2d67e"}
,"/Users/silvestrevivo/Sync/werk/2017/12_testing/testing-notetoself/src/components/app.js": {"path":"/Users/silvestrevivo/Sync/werk/2017/12_testing/testing-notetoself/src/components/app.js","statementMap":{"0":{"start":{"line":10,"column":18},"end":{"line":10,"column":25}},"1":{"start":{"line":19,"column":18},"end":{"line":19,"column":39}},"2":{"start":{"line":20,"column":4},"end":{"line":20,"column":28}},"3":{"start":{"line":24,"column":28},"end":{"line":24,"column":38}},"4":{"start":{"line":31,"column":4},"end":{"line":31,"column":50}},"5":{"start":{"line":32,"column":4},"end":{"line":32,"column":47}},"6":{"start":{"line":36,"column":4},"end":{"line":36,"column":27}},"7":{"start":{"line":37,"column":4},"end":{"line":37,"column":32}},"8":{"start":{"line":41,"column":4},"end":{"line":59,"column":5}},"9":{"start":{"line":45,"column":44},"end":{"line":45,"column":87}},"10":{"start":{"line":47,"column":33},"end":{"line":47,"column":46}},"11":{"start":{"line":51,"column":12},"end":{"line":53,"column":13}}},"fnMap":{"0":{"name":"(anonymous_0)","decl":{"start":{"line":18,"column":2},"end":{"line":18,"column":3}},"loc":{"start":{"line":18,"column":23},"end":{"line":21,"column":3}},"line":18},"1":{"name":"(anonymous_1)","decl":{"start":{"line":23,"column":11},"end":{"line":23,"column":12}},"loc":{"start":{"line":23,"column":17},"end":{"line":33,"column":3}},"line":23},"2":{"name":"(anonymous_2)","decl":{"start":{"line":35,"column":10},"end":{"line":35,"column":11}},"loc":{"start":{"line":35,"column":16},"end":{"line":38,"column":3}},"line":35},"3":{"name":"(anonymous_3)","decl":{"start":{"line":40,"column":2},"end":{"line":40,"column":3}},"loc":{"start":{"line":40,"column":12},"end":{"line":60,"column":3}},"line":40},"4":{"name":"(anonymous_4)","decl":{"start":{"line":45,"column":33},"end":{"line":45,"column":34}},"loc":{"start":{"line":45,"column":44},"end":{"line":45,"column":87}},"line":45},"5":{"name":"(anonymous_5)","decl":{"start":{"line":47,"column":27},"end":{"line":47,"column":28}},"loc":{"start":{"line":47,"column":33},"end":{"line":47,"column":46}},"line":47},"6":{"name":"(anonymous_6)","decl":{"start":{"line":50,"column":31},"end":{"line":50,"column":32}},"loc":{"start":{"line":50,"column":48},"end":{"line":54,"column":11}},"line":50}},"branchMap":{},"s":{"0":1,"1":11,"2":11,"3":3,"4":3,"5":3,"6":4,"7":4,"8":33,"9":4,"10":3,"11":4},"f":{"0":11,"1":3,"2":4,"3":33,"4":4,"5":3,"6":4},"b":{},"_coverageSchema":"332fd63041d2c1bcb487cc26dd0d5f7d97098a6c","hash":"90b652acc0c8114e56d308606dd646aac2a525c9"}
,"/Users/silvestrevivo/Sync/werk/2017/12_testing/testing-notetoself/src/components/note.js": {"path":"/Users/silvestrevivo/Sync/werk/2017/12_testing/testing-notetoself/src/components/note.js","statementMap":{"0":{"start":{"line":4,"column":13},"end":{"line":10,"column":1}},"1":{"start":{"line":5,"column":2},"end":{"line":9,"column":3}},"2":{"start":{"line":12,"column":0},"end":{"line":14,"column":1}}},"fnMap":{"0":{"name":"(anonymous_0)","decl":{"start":{"line":4,"column":13},"end":{"line":4,"column":14}},"loc":{"start":{"line":4,"column":27},"end":{"line":10,"column":1}},"line":4}},"branchMap":{},"s":{"0":2,"1":5,"2":2},"f":{"0":5},"b":{},"_coverageSchema":"332fd63041d2c1bcb487cc26dd0d5f7d97098a6c","hash":"86b8a4feb04d45cf237bc85ee9dd44400d67430f"}
}
