{"/Volumes/external/werk/2017/12_testing/testing-notetoself/setupTests.js": {"path":"/Volumes/external/werk/2017/12_testing/testing-notetoself/setupTests.js","statementMap":{"0":{"start":{"line":5,"column":0},"end":{"line":7,"column":1}},"1":{"start":{"line":6,"column":2},"end":{"line":6,"column":19}},"2":{"start":{"line":9,"column":0},"end":{"line":9,"column":37}}},"fnMap":{"0":{"name":"(anonymous_0)","decl":{"start":{"line":5,"column":31},"end":{"line":5,"column":32}},"loc":{"start":{"line":5,"column":39},"end":{"line":7,"column":1}},"line":5}},"branchMap":{},"s":{"0":2,"1":0,"2":2},"f":{"0":0},"b":{},"_coverageSchema":"332fd63041d2c1bcb487cc26dd0d5f7d97098a6c","hash":"ccaa418eadd4dee5d1abce8f7fa20dae2a46d57d"}
,"/Volumes/external/werk/2017/12_testing/testing-notetoself/src/components/app.js": {"path":"/Volumes/external/werk/2017/12_testing/testing-notetoself/src/components/app.js","statementMap":{"0":{"start":{"line":10,"column":18},"end":{"line":10,"column":25}},"1":{"start":{"line":19,"column":18},"end":{"line":19,"column":39}},"2":{"start":{"line":20,"column":4},"end":{"line":20,"column":28}},"3":{"start":{"line":24,"column":28},"end":{"line":24,"column":38}},"4":{"start":{"line":25,"column":4},"end":{"line":25,"column":24}},"5":{"start":{"line":26,"column":4},"end":{"line":26,"column":28}},"6":{"start":{"line":27,"column":4},"end":{"line":27,"column":43}},"7":{"start":{"line":31,"column":4},"end":{"line":31,"column":27}},"8":{"start":{"line":32,"column":4},"end":{"line":32,"column":32}},"9":{"start":{"line":36,"column":4},"end":{"line":54,"column":5}},"10":{"start":{"line":40,"column":44},"end":{"line":40,"column":87}},"11":{"start":{"line":42,"column":33},"end":{"line":42,"column":46}},"12":{"start":{"line":46,"column":12},"end":{"line":48,"column":13}}},"fnMap":{"0":{"name":"(anonymous_0)","decl":{"start":{"line":18,"column":2},"end":{"line":18,"column":3}},"loc":{"start":{"line":18,"column":23},"end":{"line":21,"column":3}},"line":18},"1":{"name":"(anonymous_1)","decl":{"start":{"line":23,"column":11},"end":{"line":23,"column":12}},"loc":{"start":{"line":23,"column":17},"end":{"line":28,"column":3}},"line":23},"2":{"name":"(anonymous_2)","decl":{"start":{"line":30,"column":10},"end":{"line":30,"column":11}},"loc":{"start":{"line":30,"column":16},"end":{"line":33,"column":3}},"line":30},"3":{"name":"(anonymous_3)","decl":{"start":{"line":35,"column":2},"end":{"line":35,"column":3}},"loc":{"start":{"line":35,"column":12},"end":{"line":55,"column":3}},"line":35},"4":{"name":"(anonymous_4)","decl":{"start":{"line":40,"column":33},"end":{"line":40,"column":34}},"loc":{"start":{"line":40,"column":44},"end":{"line":40,"column":87}},"line":40},"5":{"name":"(anonymous_5)","decl":{"start":{"line":42,"column":27},"end":{"line":42,"column":28}},"loc":{"start":{"line":42,"column":33},"end":{"line":42,"column":46}},"line":42},"6":{"name":"(anonymous_6)","decl":{"start":{"line":45,"column":31},"end":{"line":45,"column":32}},"loc":{"start":{"line":45,"column":48},"end":{"line":49,"column":11}},"line":45}},"branchMap":{},"s":{"0":1,"1":2,"2":2,"3":3,"4":3,"5":3,"6":3,"7":4,"8":4,"9":15,"10":4,"11":3,"12":4},"f":{"0":2,"1":3,"2":4,"3":15,"4":4,"5":3,"6":4},"b":{},"_coverageSchema":"332fd63041d2c1bcb487cc26dd0d5f7d97098a6c","hash":"b7fa8e5e92bdc5b8296bf3133d14f66278b8ceef"}
,"/Volumes/external/werk/2017/12_testing/testing-notetoself/src/components/note.js": {"path":"/Volumes/external/werk/2017/12_testing/testing-notetoself/src/components/note.js","statementMap":{"0":{"start":{"line":4,"column":13},"end":{"line":10,"column":1}},"1":{"start":{"line":5,"column":2},"end":{"line":9,"column":3}},"2":{"start":{"line":12,"column":0},"end":{"line":14,"column":1}}},"fnMap":{"0":{"name":"(anonymous_0)","decl":{"start":{"line":4,"column":13},"end":{"line":4,"column":14}},"loc":{"start":{"line":4,"column":27},"end":{"line":10,"column":1}},"line":4}},"branchMap":{},"s":{"0":2,"1":5,"2":2},"f":{"0":5},"b":{},"_coverageSchema":"332fd63041d2c1bcb487cc26dd0d5f7d97098a6c","hash":"64947595142ed0cbcebd10d652aff98e2a9fa3d4"}
}
