TN:
SF:/Volumes/external/werk/2017/12_testing/testing-notetoself/setupTests.js
FN:5,(anonymous_0)
FNF:1
FNH:0
FNDA:0,(anonymous_0)
DA:5,2
DA:6,0
DA:9,2
LF:3
LH:2
BRF:0
BRH:0
end_of_record
TN:
SF:/Volumes/external/werk/2017/12_testing/testing-notetoself/src/components/app.js
FN:18,(anonymous_0)
FN:23,(anonymous_1)
FN:30,(anonymous_2)
FN:35,(anonymous_3)
FN:40,(anonymous_4)
FN:42,(anonymous_5)
FN:45,(anonymous_6)
FNF:7
FNH:7
FNDA:2,(anonymous_0)
FNDA:3,(anonymous_1)
FNDA:4,(anonymous_2)
FNDA:15,(anonymous_3)
FNDA:4,(anonymous_4)
FNDA:3,(anonymous_5)
FNDA:4,(anonymous_6)
DA:10,1
DA:19,2
DA:20,2
DA:24,3
DA:25,3
DA:26,3
DA:27,3
DA:31,4
DA:32,4
DA:36,15
DA:40,4
DA:42,3
DA:46,4
LF:13
LH:13
BRF:0
BRH:0
end_of_record
TN:
SF:/Volumes/external/werk/2017/12_testing/testing-notetoself/src/components/note.js
FN:4,(anonymous_0)
FNF:1
FNH:1
FNDA:5,(anonymous_0)
DA:4,2
DA:5,5
DA:12,2
LF:3
LH:3
BRF:0
BRH:0
end_of_record
